<?xml version="1.0" encoding="UTF-8"?>
<testng-results ignored="0" total="1" passed="1" failed="0" skipped="0">
  <reporter-output>
  </reporter-output>
  <suite started-at="2023-02-21T13:59:41 AST" name="Default suite" finished-at="2023-02-21T13:59:53 AST" duration-ms="11533">
    <groups>
    </groups>
    <test started-at="2023-02-21T13:59:41 AST" name="Default test" finished-at="2023-02-21T13:59:53 AST" duration-ms="11533">
      <class name="MyTestCases">
        <test-method is-config="true" signature="mySetup()[pri:0, instance:MyTestCases@511505e7]" started-at="2023-02-21T13:59:41 AST" name="mySetup" finished-at="2023-02-21T13:59:53 AST" duration-ms="11370" status="PASS">
          <reporter-output>
          </reporter-output>
        </test-method> <!-- mySetup -->
        <test-method signature="visa_logo()[pri:0, instance:MyTestCases@511505e7]" started-at="2023-02-21T13:59:53 AST" name="visa_logo" finished-at="2023-02-21T13:59:53 AST" duration-ms="134" status="PASS">
          <reporter-output>
          </reporter-output>
        </test-method> <!-- visa_logo -->
      </class> <!-- MyTestCases -->
    </test> <!-- Default test -->
  </suite> <!-- Default suite -->
</testng-results>
